14:45:24.695 [main]INFO  -----------------------------------NEW TEST STARTED-------------------------------------
 - Browser is :Chrome

14:45:27.562 [main]INFO  ------------------------------Odoo CRM Started----------------------------------------------- - Launching Browser with URL: https://abc-company5.odoo.com/odoo
14:45:27.980 [main]INFO  StepDefinition.LoginPageSteps - Launching Browser with URL: https://abc-company5.odoo.com/odoo
14:45:50.674 [main]INFO  StepDefinition.LoginPageSteps - Login Page Title: Home
14:45:50.881 [main]INFO  ------------------------------Odoo CRM Started----------------------------------------------- - -------------------------------Driver is Closed---------------------------
14:45:50.921 [main]INFO  -----------------------------------NEW TEST STARTED-------------------------------------
 - Browser is :Chrome

14:45:53.606 [main]INFO  ------------------------------Odoo CRM Started----------------------------------------------- - Launching Browser with URL: https://abc-company5.odoo.com/odoo
14:45:59.426 [main]INFO  DataProvider.DriverFactory - Logged in with UserName: laslowjas@gmail.com and Password: Rock3td@@@@!ne

14:45:59.523 [main]INFO  StepDefinition.HomePageValidationSteps - Home Page Title: Odoo
14:46:04.734 [main]INFO  StepDefinition.LoginPageSteps - Login Page Title: Odoo
14:46:05.652 [main]INFO  ------------------------------Odoo CRM Started----------------------------------------------- - -------------------------------Driver is Closed---------------------------
14:46:05.695 [main]INFO  -----------------------------------NEW TEST STARTED-------------------------------------
 - Browser is :Chrome

14:46:07.222 [main]INFO  ------------------------------Odoo CRM Started----------------------------------------------- - Launching Browser with URL: https://abc-company5.odoo.com/odoo
14:46:12.596 [main]INFO  DataProvider.DriverFactory - Logged in with UserName: laslowjas@gmail.com and Password: Rock3td@@@@!ne

14:46:21.927 [main]INFO  StepDefinition.ContactPageSteps - You are about to Click on Contacts Section.....
14:46:22.091 [main]INFO  StepDefinition.ContactPageSteps - Contacts Section is Clicked.....
14:46:27.135 [main]INFO  StepDefinition.ContactPageSteps - Confirmed.. You are inside Contacts Page....
14:46:32.225 [main]INFO  StepDefinition.ContactPageSteps - Clicked on New Button to Create a New Contact.....
14:46:32.963 [main]INFO  DataProvider.DriverFactory - Person Account is being Created.....
14:46:33.643 [main]INFO  DataProvider.DriverFactory - Person Account is being Created.....
14:46:33.763 [main]INFO  DataProvider.DriverFactory - Person Email is being Created.....
14:46:33.960 [main]INFO  DataProvider.DriverFactory - Person Phone is being Created.....
14:46:34.217 [main]INFO  DataProvider.DriverFactory - Company Name is being Created.....
14:46:34.438 [main]INFO  DataProvider.DriverFactory - Street1 is being Created.....
14:46:34.645 [main]INFO  DataProvider.DriverFactory - Street2 is being Created.....
14:46:34.810 [main]INFO  DataProvider.DriverFactory - City is being Created.....
14:46:34.917 [main]INFO  DataProvider.DriverFactory - Zip is being Created.....
14:46:35.244 [main]INFO  DataProvider.DriverFactory - State is being Created.....
14:46:35.864 [main]INFO  DataProvider.DriverFactory - State Name is being Created.....
14:46:35.966 [main]INFO  DataProvider.DriverFactory - Job Position is being Created.....
14:46:36.102 [main]INFO  DataProvider.DriverFactory - GSTIN is being Created.....
14:46:36.330 [main]INFO  DataProvider.DriverFactory - Website is being Created.....
14:46:36.971 [main]INFO  DataProvider.DriverFactory - Tags are being Posted in the Account.....
14:46:36.971 [main]INFO  StepDefinition.ContactPageSteps - Selected Person as Contact Type and Created a New Account for Person.......
14:46:42.040 [main]INFO  DataProvider.DriverFactory - Navigated Back to Contact List Page.....
14:46:42.316 [main]INFO  ------------------------------Odoo CRM Started----------------------------------------------- - -------------------------------Driver is Closed---------------------------
14:46:42.343 [main]INFO  -----------------------------------NEW TEST STARTED-------------------------------------
 - Browser is :Chrome

14:46:44.417 [main]INFO  ------------------------------Odoo CRM Started----------------------------------------------- - Launching Browser with URL: https://abc-company5.odoo.com/odoo
14:46:50.111 [main]INFO  DataProvider.DriverFactory - Logged in with UserName: laslowjas@gmail.com and Password: Rock3td@@@@!ne

14:46:56.612 [main]INFO  ------------------------------Odoo CRM Started----------------------------------------------- - -------------------------------Driver is Closed---------------------------
14:50:05.201 [main]INFO  -----------------------------------NEW TEST STARTED-------------------------------------
 - Browser is :Chrome

14:50:07.625 [main]INFO  ------------------------------Odoo CRM Started-----------------------------------------------
 - Launching Browser with URL: https://abc-company5.odoo.com/odoo

14:50:07.862 [main]INFO  StepDefinition.LoginPageSteps - Launching Browser with URL: https://abc-company5.odoo.com/odoo

14:50:30.572 [main]INFO  StepDefinition.LoginPageSteps - Login Page Title: Home

14:50:30.993 [main]INFO  ------------------------------Odoo CRM Started-----------------------------------------------
 - -------------------------------Driver is Closed---------------------------

14:50:31.089 [main]INFO  -----------------------------------NEW TEST STARTED-------------------------------------
 - Browser is :Chrome

14:50:33.474 [main]INFO  ------------------------------Odoo CRM Started-----------------------------------------------
 - Launching Browser with URL: https://abc-company5.odoo.com/odoo

14:50:38.992 [main]INFO  DataProvider.DriverFactory - Logged in with UserName: laslowjas@gmail.com and Password: Rock3td@@@@!ne

14:50:42.618 [main]INFO  StepDefinition.HomePageValidationSteps - Home Page Title: Odoo

14:50:47.643 [main]INFO  StepDefinition.LoginPageSteps - Login Page Title: Home

14:50:47.645 [main]INFO  StepDefinition.HomePageValidationSteps - Expected Home Page List: [Discuss, Calendar, Contacts, CRM, Dashboards, Apps, Settings]

14:50:47.766 [main]INFO  StepDefinition.HomePageValidationSteps - Actual Home Page List: [Discuss, Calendar, Contacts, CRM, Dashboards, Apps, Settings]

14:50:48.735 [main]INFO  ------------------------------Odoo CRM Started-----------------------------------------------
 - -------------------------------Driver is Closed---------------------------

14:50:48.767 [main]INFO  -----------------------------------NEW TEST STARTED-------------------------------------
 - Browser is :Chrome

14:50:51.081 [main]INFO  ------------------------------Odoo CRM Started-----------------------------------------------
 - Launching Browser with URL: https://abc-company5.odoo.com/odoo

14:50:56.908 [main]INFO  DataProvider.DriverFactory - Logged in with UserName: laslowjas@gmail.com and Password: Rock3td@@@@!ne

14:51:04.911 [main]INFO  StepDefinition.ContactPageSteps - You are about to Click on Contacts Section.....
14:51:05.016 [main]INFO  StepDefinition.ContactPageSteps - Contacts Section is Clicked.....
14:51:10.053 [main]INFO  StepDefinition.ContactPageSteps - Confirmed.. You are inside Contacts Page....
14:51:15.136 [main]INFO  StepDefinition.ContactPageSteps - Clicked on New Button to Create a New Contact.....
14:51:15.732 [main]INFO  DataProvider.DriverFactory - Person Account is being Created.....
14:51:16.346 [main]INFO  DataProvider.DriverFactory - Person Account is being Created.....
14:51:16.514 [main]INFO  DataProvider.DriverFactory - Person Email is being Created.....
14:51:16.592 [main]INFO  DataProvider.DriverFactory - Person Phone is being Created.....
14:51:16.697 [main]INFO  DataProvider.DriverFactory - Company Name is being Created.....
14:51:16.861 [main]INFO  DataProvider.DriverFactory - Street1 is being Created.....
14:51:16.987 [main]INFO  DataProvider.DriverFactory - Street2 is being Created.....
14:51:17.078 [main]INFO  DataProvider.DriverFactory - City is being Created.....
14:51:17.174 [main]INFO  DataProvider.DriverFactory - Zip is being Created.....
14:51:17.272 [main]INFO  DataProvider.DriverFactory - State is being Created.....
14:51:17.865 [main]INFO  DataProvider.DriverFactory - State Name is being Created.....
14:51:17.961 [main]INFO  DataProvider.DriverFactory - Job Position is being Created.....
14:51:18.043 [main]INFO  DataProvider.DriverFactory - GSTIN is being Created.....
14:51:18.134 [main]INFO  DataProvider.DriverFactory - Website is being Created.....
14:51:18.549 [main]INFO  DataProvider.DriverFactory - Tags are being Posted in the Account.....
14:51:18.550 [main]INFO  StepDefinition.ContactPageSteps - Selected Person as Contact Type and Created a New Account for Person.......
14:51:23.611 [main]INFO  DataProvider.DriverFactory - Navigated Back to Contact List Page.....
14:51:23.908 [main]INFO  ------------------------------Odoo CRM Started-----------------------------------------------
 - -------------------------------Driver is Closed---------------------------

14:51:23.933 [main]INFO  -----------------------------------NEW TEST STARTED-------------------------------------
 - Browser is :Chrome

14:51:25.912 [main]INFO  ------------------------------Odoo CRM Started-----------------------------------------------
 - Launching Browser with URL: https://abc-company5.odoo.com/odoo

14:51:31.387 [main]INFO  DataProvider.DriverFactory - Logged in with UserName: laslowjas@gmail.com and Password: Rock3td@@@@!ne

14:51:39.664 [main]INFO  StepDefinition.ContactPageSteps - You are about to Click on Contacts Section.....
14:51:39.729 [main]INFO  StepDefinition.ContactPageSteps - Contacts Section is Clicked.....
14:51:44.767 [main]INFO  StepDefinition.ContactPageSteps - Confirmed.. You are inside Contacts Page....
14:51:49.871 [main]INFO  StepDefinition.ContactPageSteps - Clicked on New Button to Create a New Contact.....
14:51:50.477 [main]INFO  DataProvider.DriverFactory - Company Account is being Created.....
14:51:50.573 [main]INFO  DataProvider.DriverFactory - Company Account is being Created.....
14:51:50.677 [main]INFO  DataProvider.DriverFactory - Company Email is being Created.....
14:51:50.757 [main]INFO  DataProvider.DriverFactory - Company Phone is being Created.....
14:51:50.900 [main]INFO  DataProvider.DriverFactory - Street1 is being Created.....
14:51:51.077 [main]INFO  DataProvider.DriverFactory - Street2 is being Created.....
14:51:51.161 [main]INFO  DataProvider.DriverFactory - City is being Created.....
14:51:51.327 [main]INFO  DataProvider.DriverFactory - Zip is being Created.....
14:51:51.434 [main]INFO  DataProvider.DriverFactory - State is being Created.....
14:51:52.021 [main]INFO  DataProvider.DriverFactory - State Name is being Created.....
14:51:52.113 [main]INFO  DataProvider.DriverFactory - GSTIN is being Created.....
14:51:52.202 [main]INFO  DataProvider.DriverFactory - Website is being Created.....
14:51:52.294 [main]INFO  DataProvider.DriverFactory - Tags are being Posted in the Account.....
14:51:52.382 [main]INFO  DataProvider.DriverFactory - Contact is being Added to the Contact List.....
14:51:53.058 [main]INFO  DataProvider.DriverFactory - Person Name is being Created.....
14:51:53.188 [main]INFO  DataProvider.DriverFactory - Person Email is being Created.....
14:51:53.307 [main]INFO  DataProvider.DriverFactory - Person Phone is being Created.....
14:51:53.399 [main]INFO  DataProvider.DriverFactory - Job Title is being Created.....
14:51:53.482 [main]INFO  DataProvider.DriverFactory - Company account has been created...
14:51:53.482 [main]INFO  StepDefinition.ContactPageSteps - Selected Company as Contact Type and Created a New Account for Person.......
14:51:58.565 [main]INFO  DataProvider.DriverFactory - Navigated Back to Contact List Page.....
14:51:58.861 [main]INFO  ------------------------------Odoo CRM Started-----------------------------------------------
 - -------------------------------Driver is Closed---------------------------

14:57:17.136 [main]INFO  -----------------------------------NEW TEST STARTED-------------------------------------
 - Browser is :Chrome

14:57:20.098 [main]INFO  ===================================Odoo CRM Started=====================
 - Launching Browser with URL: https://abc-company5.odoo.com/odoo

14:57:20.711 [main]INFO  StepDefinition.LoginPageSteps - Launching Browser with URL: https://abc-company5.odoo.com/odoo

14:57:43.652 [main]INFO  StepDefinition.LoginPageSteps - Login Page Title: Home

14:57:44.021 [main]INFO  ===================================Odoo CRM Started=====================
 - ========================Driver is Closed===============================

14:57:44.178 [main]INFO  -----------------------------------NEW TEST STARTED-------------------------------------
 - Browser is :Chrome

14:57:46.530 [main]INFO  ===================================Odoo CRM Started=====================
 - Launching Browser with URL: https://abc-company5.odoo.com/odoo

14:57:52.256 [main]INFO  DataProvider.DriverFactory - Logged in with UserName: laslowjas@gmail.com and Password: Rock3td@@@@!ne

14:57:55.827 [main]INFO  StepDefinition.HomePageValidationSteps - Home Page Title: Odoo

14:58:00.831 [main]INFO  StepDefinition.LoginPageSteps - Login Page Title: Home

14:58:00.831 [main]INFO  StepDefinition.HomePageValidationSteps - Expected Home Page List: [Discuss, Calendar, Contacts, CRM, Dashboards, Apps, Settings]

14:58:00.943 [main]INFO  StepDefinition.HomePageValidationSteps - Actual Home Page List: [Discuss, Calendar, Contacts, CRM, Dashboards, Apps, Settings]

14:58:01.670 [main]INFO  ===================================Odoo CRM Started=====================
 - ========================Driver is Closed===============================

14:58:01.710 [main]INFO  -----------------------------------NEW TEST STARTED-------------------------------------
 - Browser is :Chrome

14:58:03.444 [main]INFO  ===================================Odoo CRM Started=====================
 - Launching Browser with URL: https://abc-company5.odoo.com/odoo

14:58:08.820 [main]INFO  DataProvider.DriverFactory - Logged in with UserName: laslowjas@gmail.com and Password: Rock3td@@@@!ne

14:58:18.367 [main]INFO  StepDefinition.ContactPageSteps - You are about to Click on Contacts Section.....
14:58:18.462 [main]INFO  StepDefinition.ContactPageSteps - Contacts Section is Clicked.....
14:58:23.499 [main]INFO  StepDefinition.ContactPageSteps - Confirmed.. You are inside Contacts Page....
14:58:28.591 [main]INFO  StepDefinition.ContactPageSteps - Clicked on New Button to Create a New Contact.....
14:58:29.222 [main]INFO  DataProvider.DriverFactory - Person Account is being Created.....
14:58:29.890 [main]INFO  DataProvider.DriverFactory - Person Account is being Created.....
14:58:29.999 [main]INFO  DataProvider.DriverFactory - Person Email is being Created.....
14:58:30.142 [main]INFO  DataProvider.DriverFactory - Person Phone is being Created.....
14:58:30.235 [main]INFO  DataProvider.DriverFactory - Company Name is being Created.....
14:58:30.376 [main]INFO  DataProvider.DriverFactory - Street1 is being Created.....
14:58:30.504 [main]INFO  DataProvider.DriverFactory - Street2 is being Created.....
14:58:31.932 [main]INFO  ===================================Odoo CRM Started=====================
 - ========================Driver is Closed===============================

14:58:31.983 [main]INFO  -----------------------------------NEW TEST STARTED-------------------------------------
 - Browser is :Chrome

14:58:34.139 [main]INFO  ===================================Odoo CRM Started=====================
 - Launching Browser with URL: https://abc-company5.odoo.com/odoo

14:58:40.382 [main]INFO  DataProvider.DriverFactory - Logged in with UserName: laslowjas@gmail.com and Password: Rock3td@@@@!ne

14:58:47.430 [main]INFO  StepDefinition.ContactPageSteps - You are about to Click on Contacts Section.....
14:58:47.520 [main]INFO  StepDefinition.ContactPageSteps - Contacts Section is Clicked.....
14:58:52.548 [main]INFO  StepDefinition.ContactPageSteps - Confirmed.. You are inside Contacts Page....
14:58:57.639 [main]INFO  StepDefinition.ContactPageSteps - Clicked on New Button to Create a New Contact.....
14:58:58.252 [main]INFO  DataProvider.DriverFactory - Company Account is being Created.....
14:58:58.447 [main]INFO  DataProvider.DriverFactory - Company Account is being Created.....
14:58:58.550 [main]INFO  DataProvider.DriverFactory - Company Email is being Created.....
14:58:58.639 [main]INFO  DataProvider.DriverFactory - Company Phone is being Created.....
14:58:58.802 [main]INFO  DataProvider.DriverFactory - Street1 is being Created.....
14:58:58.946 [main]INFO  DataProvider.DriverFactory - Street2 is being Created.....
14:58:59.034 [main]INFO  DataProvider.DriverFactory - City is being Created.....
14:58:59.116 [main]INFO  DataProvider.DriverFactory - Zip is being Created.....
14:58:59.226 [main]INFO  DataProvider.DriverFactory - State is being Created.....
14:58:59.841 [main]INFO  DataProvider.DriverFactory - State Name is being Created.....
14:58:59.945 [main]INFO  DataProvider.DriverFactory - GSTIN is being Created.....
14:59:00.108 [main]INFO  DataProvider.DriverFactory - Website is being Created.....
14:59:00.226 [main]INFO  DataProvider.DriverFactory - Tags are being Posted in the Account.....
14:59:00.325 [main]INFO  DataProvider.DriverFactory - Contact is being Added to the Contact List.....
14:59:00.957 [main]INFO  DataProvider.DriverFactory - Person Name is being Created.....
14:59:01.141 [main]INFO  DataProvider.DriverFactory - Person Email is being Created.....
14:59:01.248 [main]INFO  DataProvider.DriverFactory - Person Phone is being Created.....
14:59:01.356 [main]INFO  DataProvider.DriverFactory - Job Title is being Created.....
14:59:01.439 [main]INFO  DataProvider.DriverFactory - Company account has been created...
14:59:01.439 [main]INFO  StepDefinition.ContactPageSteps - Selected Company as Contact Type and Created a New Account for Person.......
14:59:06.519 [main]INFO  DataProvider.DriverFactory - Navigated Back to Contact List Page.....
14:59:06.763 [main]INFO  ===================================Odoo CRM Started=====================
 - ========================Driver is Closed===============================

15:00:27.281 [main]INFO  -----------------------------------NEW TEST STARTED-------------------------------------
 - Browser is :Chrome

15:00:30.271 [main]INFO  ===================================Odoo CRM Started=====================
 - Launching Browser with URL: https://abc-company5.odoo.com/odoo

15:00:30.755 [main]INFO  StepDefinition.LoginPageSteps - Launching Browser with URL: https://abc-company5.odoo.com/odoo

15:00:51.157 [main]INFO  StepDefinition.LoginPageSteps - Login Page Title: Odoo

15:00:51.907 [main]INFO  ===================================Odoo CRM Started=====================
 - ========================Driver is Closed===============================

15:00:51.968 [main]INFO  -----------------------------------NEW TEST STARTED-------------------------------------
 - Browser is :Chrome

15:00:54.335 [main]INFO  ===================================Odoo CRM Started=====================
 - Launching Browser with URL: https://abc-company5.odoo.com/odoo

15:01:00.307 [main]INFO  DataProvider.DriverFactory - Logged in with UserName: laslowjas@gmail.com and Password: Rock3td@@@@!ne

15:01:00.384 [main]INFO  StepDefinition.HomePageValidationSteps - Home Page Title: Odoo

15:01:05.401 [main]INFO  StepDefinition.LoginPageSteps - Login Page Title: Odoo

15:01:06.164 [main]INFO  ===================================Odoo CRM Started=====================
 - ========================Driver is Closed===============================

15:01:06.208 [main]INFO  -----------------------------------NEW TEST STARTED-------------------------------------
 - Browser is :Chrome

15:01:08.362 [main]INFO  ===================================Odoo CRM Started=====================
 - Launching Browser with URL: https://abc-company5.odoo.com/odoo

15:01:14.370 [main]INFO  DataProvider.DriverFactory - Logged in with UserName: laslowjas@gmail.com and Password: Rock3td@@@@!ne

15:01:22.956 [main]INFO  StepDefinition.ContactPageSteps - You are about to Click on Contacts Section.....
15:01:23.017 [main]INFO  StepDefinition.ContactPageSteps - Contacts Section is Clicked.....
15:01:28.072 [main]INFO  StepDefinition.ContactPageSteps - Confirmed.. You are inside Contacts Page....
15:01:33.156 [main]INFO  StepDefinition.ContactPageSteps - Clicked on New Button to Create a New Contact.....
15:01:33.760 [main]INFO  DataProvider.DriverFactory - Person Account is being Created.....
15:01:34.525 [main]INFO  DataProvider.DriverFactory - Person Account is being Created.....
15:01:34.637 [main]INFO  DataProvider.DriverFactory - Person Email is being Created.....
15:01:34.789 [main]INFO  DataProvider.DriverFactory - Person Phone is being Created.....
15:01:34.897 [main]INFO  DataProvider.DriverFactory - Company Name is being Created.....
15:01:35.032 [main]INFO  DataProvider.DriverFactory - Street1 is being Created.....
15:01:35.161 [main]INFO  DataProvider.DriverFactory - Street2 is being Created.....
15:01:35.275 [main]INFO  DataProvider.DriverFactory - City is being Created.....
15:01:35.362 [main]INFO  DataProvider.DriverFactory - Zip is being Created.....
15:01:35.490 [main]INFO  DataProvider.DriverFactory - State is being Created.....
15:01:36.133 [main]INFO  DataProvider.DriverFactory - State Name is being Created.....
15:01:36.229 [main]INFO  DataProvider.DriverFactory - Job Position is being Created.....
15:01:36.370 [main]INFO  DataProvider.DriverFactory - GSTIN is being Created.....
15:01:36.461 [main]INFO  DataProvider.DriverFactory - Website is being Created.....
15:01:37.066 [main]INFO  DataProvider.DriverFactory - Tags are being Posted in the Account.....
15:01:37.066 [main]INFO  StepDefinition.ContactPageSteps - Selected Person as Contact Type and Created a New Account for Person.......
15:01:42.155 [main]INFO  DataProvider.DriverFactory - Navigated Back to Contact List Page.....
15:01:42.401 [main]INFO  ===================================Odoo CRM Started=====================
 - ========================Driver is Closed===============================

15:01:42.434 [main]INFO  -----------------------------------NEW TEST STARTED-------------------------------------
 - Browser is :Chrome

15:01:44.815 [main]INFO  ===================================Odoo CRM Started=====================
 - Launching Browser with URL: https://abc-company5.odoo.com/odoo

15:01:50.779 [main]INFO  DataProvider.DriverFactory - Logged in with UserName: laslowjas@gmail.com and Password: Rock3td@@@@!ne

15:01:59.388 [main]INFO  StepDefinition.ContactPageSteps - You are about to Click on Contacts Section.....
15:01:59.455 [main]INFO  StepDefinition.ContactPageSteps - Contacts Section is Clicked.....
15:02:04.491 [main]INFO  StepDefinition.ContactPageSteps - Confirmed.. You are inside Contacts Page....
15:02:09.573 [main]INFO  StepDefinition.ContactPageSteps - Clicked on New Button to Create a New Contact.....
15:02:10.206 [main]INFO  DataProvider.DriverFactory - Company Account is being Created.....
15:02:10.320 [main]INFO  DataProvider.DriverFactory - Company Account is being Created.....
15:02:10.423 [main]INFO  DataProvider.DriverFactory - Company Email is being Created.....
15:02:10.527 [main]INFO  DataProvider.DriverFactory - Company Phone is being Created.....
15:02:10.666 [main]INFO  DataProvider.DriverFactory - Street1 is being Created.....
15:02:10.798 [main]INFO  DataProvider.DriverFactory - Street2 is being Created.....
15:02:10.895 [main]INFO  DataProvider.DriverFactory - City is being Created.....
15:02:10.983 [main]INFO  DataProvider.DriverFactory - Zip is being Created.....
15:02:11.083 [main]INFO  DataProvider.DriverFactory - State is being Created.....
15:02:11.661 [main]INFO  DataProvider.DriverFactory - State Name is being Created.....
15:02:11.803 [main]INFO  DataProvider.DriverFactory - GSTIN is being Created.....
15:02:11.903 [main]INFO  DataProvider.DriverFactory - Website is being Created.....
15:02:12.024 [main]INFO  DataProvider.DriverFactory - Tags are being Posted in the Account.....
15:02:12.125 [main]INFO  DataProvider.DriverFactory - Contact is being Added to the Contact List.....
15:02:12.765 [main]INFO  DataProvider.DriverFactory - Person Name is being Created.....
15:02:13.026 [main]INFO  DataProvider.DriverFactory - Person Email is being Created.....
15:02:13.154 [main]INFO  DataProvider.DriverFactory - Person Phone is being Created.....
15:02:13.244 [main]INFO  DataProvider.DriverFactory - Job Title is being Created.....
15:02:13.326 [main]INFO  DataProvider.DriverFactory - Company account has been created...
15:02:13.327 [main]INFO  StepDefinition.ContactPageSteps - Selected Company as Contact Type and Created a New Account for Person.......
15:02:18.391 [main]INFO  DataProvider.DriverFactory - Navigated Back to Contact List Page.....
15:02:18.653 [main]INFO  ===================================Odoo CRM Started=====================
 - ========================Driver is Closed===============================

15:11:41.058 [main]INFO  Hooks.Hooks - ===================================Odoo CRM Started=====================

15:11:41.061 [main]INFO  =======================NEW TEST STARTED====================
 - Browser is :Chrome

15:11:43.350 [main]INFO  Hooks.Hooks - Launching Browser with URL: https://abc-company5.odoo.com/odoo

15:11:43.608 [main]INFO  StepDefinition.LoginPageSteps - Launching Browser with URL: https://abc-company5.odoo.com/odoo

15:12:06.276 [main]INFO  StepDefinition.LoginPageSteps - Login Page Title: Home

15:12:06.649 [main]INFO  Hooks.Hooks - ========================Driver is Closed===============================

15:12:06.754 [main]INFO  Hooks.Hooks - ===================================Odoo CRM Started=====================

15:12:06.754 [main]INFO  =======================NEW TEST STARTED====================
 - Browser is :Chrome

15:12:08.530 [main]INFO  Hooks.Hooks - Launching Browser with URL: https://abc-company5.odoo.com/odoo

15:12:13.993 [main]INFO  DataProvider.DriverFactory - Logged in with UserName: laslowjas@gmail.com and Password: Rock3td@@@@!ne

15:12:16.931 [main]INFO  StepDefinition.HomePageValidationSteps - Home Page Title: Odoo

15:12:21.954 [main]INFO  StepDefinition.LoginPageSteps - Login Page Title: Home

15:12:21.954 [main]INFO  StepDefinition.HomePageValidationSteps - Expected Home Page List: [Discuss, Calendar, Contacts, CRM, Dashboards, Apps, Settings]

15:12:22.052 [main]INFO  StepDefinition.HomePageValidationSteps - Actual Home Page List: [Discuss, Calendar, Contacts, CRM, Dashboards, Apps, Settings]

15:12:22.289 [main]INFO  Hooks.Hooks - ========================Driver is Closed===============================

15:12:22.321 [main]INFO  Hooks.Hooks - ===================================Odoo CRM Started=====================

15:12:22.321 [main]INFO  =======================NEW TEST STARTED====================
 - Browser is :Chrome

15:12:23.739 [main]INFO  Hooks.Hooks - Launching Browser with URL: https://abc-company5.odoo.com/odoo

15:12:29.201 [main]INFO  DataProvider.DriverFactory - Logged in with UserName: laslowjas@gmail.com and Password: Rock3td@@@@!ne

15:12:38.197 [main]INFO  StepDefinition.ContactPageSteps - You are about to Click on Contacts Section.....
15:12:38.271 [main]INFO  StepDefinition.ContactPageSteps - Contacts Section is Clicked.....
15:12:43.313 [main]INFO  StepDefinition.ContactPageSteps - Confirmed.. You are inside Contacts Page....
15:12:48.413 [main]INFO  StepDefinition.ContactPageSteps - Clicked on New Button to Create a New Contact.....
15:12:49.076 [main]INFO  DataProvider.DriverFactory - Person Account is being Created.....
15:12:49.746 [main]INFO  DataProvider.DriverFactory - Person Account is being Created.....
15:12:49.921 [main]INFO  DataProvider.DriverFactory - Person Email is being Created.....
15:12:50.053 [main]INFO  DataProvider.DriverFactory - Person Phone is being Created.....
15:12:50.206 [main]INFO  DataProvider.DriverFactory - Company Name is being Created.....
15:12:50.388 [main]INFO  DataProvider.DriverFactory - Street1 is being Created.....
15:12:50.531 [main]INFO  DataProvider.DriverFactory - Street2 is being Created.....
15:12:51.914 [main]INFO  Hooks.Hooks - ========================Driver is Closed===============================

15:12:51.962 [main]INFO  Hooks.Hooks - ===================================Odoo CRM Started=====================

15:12:51.962 [main]INFO  =======================NEW TEST STARTED====================
 - Browser is :Chrome

15:12:54.519 [main]INFO  Hooks.Hooks - Launching Browser with URL: https://abc-company5.odoo.com/odoo

15:13:00.216 [main]INFO  DataProvider.DriverFactory - Logged in with UserName: laslowjas@gmail.com and Password: Rock3td@@@@!ne

15:13:08.756 [main]INFO  StepDefinition.ContactPageSteps - You are about to Click on Contacts Section.....
15:13:08.831 [main]INFO  StepDefinition.ContactPageSteps - Contacts Section is Clicked.....
15:13:13.876 [main]INFO  StepDefinition.ContactPageSteps - Confirmed.. You are inside Contacts Page....
15:13:18.973 [main]INFO  StepDefinition.ContactPageSteps - Clicked on New Button to Create a New Contact.....
15:13:19.578 [main]INFO  DataProvider.DriverFactory - Company Account is being Created.....
15:13:19.719 [main]INFO  DataProvider.DriverFactory - Company Account is being Created.....
15:13:19.839 [main]INFO  DataProvider.DriverFactory - Company Email is being Created.....
15:13:19.971 [main]INFO  DataProvider.DriverFactory - Company Phone is being Created.....
15:13:20.096 [main]INFO  DataProvider.DriverFactory - Street1 is being Created.....
15:13:20.201 [main]INFO  DataProvider.DriverFactory - Street2 is being Created.....
15:13:20.283 [main]INFO  DataProvider.DriverFactory - City is being Created.....
15:13:20.366 [main]INFO  DataProvider.DriverFactory - Zip is being Created.....
15:13:20.457 [main]INFO  DataProvider.DriverFactory - State is being Created.....
15:13:21.036 [main]INFO  DataProvider.DriverFactory - State Name is being Created.....
15:13:21.117 [main]INFO  DataProvider.DriverFactory - GSTIN is being Created.....
15:13:21.197 [main]INFO  DataProvider.DriverFactory - Website is being Created.....
15:13:21.328 [main]INFO  DataProvider.DriverFactory - Tags are being Posted in the Account.....
15:13:21.435 [main]INFO  DataProvider.DriverFactory - Contact is being Added to the Contact List.....
15:13:22.083 [main]INFO  DataProvider.DriverFactory - Person Name is being Created.....
15:13:22.187 [main]INFO  DataProvider.DriverFactory - Person Email is being Created.....
15:13:22.305 [main]INFO  DataProvider.DriverFactory - Person Phone is being Created.....
15:13:22.423 [main]INFO  DataProvider.DriverFactory - Job Title is being Created.....
15:13:22.548 [main]INFO  DataProvider.DriverFactory - Company account has been created...
15:13:22.548 [main]INFO  StepDefinition.ContactPageSteps - Selected Company as Contact Type and Created a New Account for Person.......
15:13:27.611 [main]INFO  DataProvider.DriverFactory - Navigated Back to Contact List Page.....
15:13:27.853 [main]INFO  Hooks.Hooks - ========================Driver is Closed===============================

